HAM	0.71713988076515333692 0.28286011923484666308
HAM	0.83600946131653031124 0.16399053868346971652
HAM	0.97946711878665360107 0.02053288121334629832
HAM	0.95846059812178718840 0.04153940187821281854
HAM	0.93246271967234195532 0.06753728032765810019
HAM	0.98015824672652807070 0.01984175327347193624
HAM	0.81888273656102683606 0.18111726343897310842
HAM	0.72557464880348920833 0.27442535119651079167
HAM	0.66459636079757355986 0.33540363920242644014
HAM	0.70264541036987882006 0.29735458963012134648
HAM	0.94803231272545562813 0.05196768727454429554
HAM	0.79269649749794868221 0.20730350250205131779
HAM	0.73409350264644857020 0.26590649735355126326
HAM	0.81434957097805049653 0.18565042902194947572
SPAM	0.12894530165655418430 0.87105469834344573243
HAM	0.64037798483627950130 0.35962201516372044319
HAM	0.87946372063996891555 0.12053627936003108445
HAM	0.99998813433707112175 0.00001186566292882760
SPAM	0.38813406401425104564 0.61186593598574900987
HAM	0.72366884696925182219 0.27633115303074812230
HAM	0.99999970285504813372 0.00000029714495175324
HAM	0.72149543622071066196 0.27850456377928928253
HAM	0.96084514050416436337 0.03915485949583566438
HAM	0.84515491148992860637 0.15484508851007139363
HAM	0.75292929036545552801 0.24707070963454433321
HAM	0.52424979662345716491 0.47575020337654277958
HAM	0.95024158636755984286 0.04975841363244028204
HAM	0.99999997632067538778 0.00000002367932452434
HAM	0.80778715170515424937 0.19221284829484577839
HAM	0.85433659955434959610 0.14566340044565048717
HAM	0.70143003638627987595 0.29856996361372023507
HAM	0.84806960925793239969 0.15193039074206762806
HAM	0.99976954341124879555 0.00023045658875113173
HAM	0.91381410471073687418 0.08618589528926309806
HAM	0.59439642854133889482 0.40560357145866121620
HAM	0.87132350090154553346 0.12867649909845449430
HAM	0.83508292423926056003 0.16491707576073941222
HAM	0.99989661067480417600 0.00010338932519593726
HAM	0.69949836899371942156 0.30050163100628063395
HAM	0.95425040121662163539 0.04574959878337846175
HAM	0.98803331231973989812 0.01196668768026011923
HAM	0.81375439087683076878 0.18624560912316923122
HAM	0.72855517412583548076 0.27144482587416446373
HAM	0.99997016988832621021 0.00002983011167382561
HAM	0.92034747452524845457 0.07965252547475144829
HAM	0.96446146692527556787 0.03553853307472437661
HAM	0.87518550366661096440 0.12481449633338893845
HAM	0.98387015763811203062 0.01612984236188804224
HAM	0.71792779723396948910 0.28207220276603051090
HAM	0.99982965762412878696 0.00017034237587108865
HAM	0.90043609369867882997 0.09956390630132101738
HAM	0.89585522225132974139 0.10414477774867027249
HAM	0.94463573547782742068 0.05536426452217248911
HAM	0.82771761968289747635 0.17228238031710252365
HAM	0.99240673997034001275 0.00759326002966003149
HAM	0.99998580817241189411 0.00001419182758811965
HAM	0.63474167805573455947 0.36525832194426544053
HAM	0.89278503549666132777 0.10721496450333865835
HAM	0.97401904266509742314 0.02598095733490255951
HAM	0.81501638021304334547 0.18498361978695657126
HAM	0.88822949058976197190 0.11177050941023801423
HAM	0.81473270823462839996 0.18526729176537157229
SPAM	0.35586631592364109666 0.64413368407635884783
HAM	0.87126594878179108861 0.12873405121820891139
HAM	0.96457770553388033630 0.03542229446611962901
HAM	0.91784148077874494476 0.08215851922125501361
HAM	0.99999948892992562843 0.00000051107007451068
SPAM	0.00423156561554265641 0.99576843438445761247
HAM	0.70747681857691968599 0.29252318142308025850
HAM	0.94811564906175960221 0.05188435093824035615
HAM	0.83234438204015892548 0.16765561795984107452
HAM	0.83943854252703231644 0.16056145747296765580
HAM	0.73586536610245112389 0.26413463389754893162
HAM	0.58023324944749965493 0.41976675055250040058
HAM	0.99983109612944331968 0.00016890387055681883
SPAM	0.00170803776066708632 0.99829196223933280852
HAM	0.76697633507638773853 0.23302366492361228922
HAM	0.69420436283872066774 0.30579563716127933226
HAM	0.97703652694023124248 0.02296347305976870895
HAM	0.87760603401462933260 0.12239396598537065353
HAM	0.82031461400438865361 0.17968538599561140190
HAM	0.83692762607095283478 0.16307237392904710971
HAM	0.63363341363986669386 0.36636658636013325063
HAM	0.70341626154265879389 0.29658373845734120611
HAM	0.74141615338175426153 0.25858384661824579398
HAM	0.72065550549927337443 0.27934449450072662557
HAM	0.99580783988693932773 0.00419216011306064971
HAM	0.64127054767756785925 0.35872945232243225178
HAM	0.84269602222638739786 0.15730397777361268541
HAM	0.99988504238774800204 0.00011495761225211650
HAM	0.99636813615943653488 0.00363186384056333198
HAM	0.74000494603340871702 0.25999505396659128298
HAM	0.60211085331696767575 0.39788914668303226874
HAM	0.71937783375033625966 0.28062216624966374034
HAM	0.80989121429797017448 0.19010878570202977000
HAM	0.85680333757910076553 0.14319666242089923447
HAM	0.94711768550594244154 0.05288231449405746826
HAM	0.63803941812917264187 0.36196058187082730262
HAM	0.52742959151268553608 0.47257040848731440841
HAM	0.75348323299585528989 0.24651676700414468235
HAM	0.78633168864174785018 0.21366831135825217758
HAM	0.99999265627840849824 0.00000734372159159131
HAM	0.70713680787551924656 0.29286319212448080895
HAM	0.77712665770799527198 0.22287334229200472802
SPAM	0.49202930282337309364 0.50797069717662690636
HAM	0.99338855625044253372 0.00661144374955740383
HAM	0.60489480431680031636 0.39510519568319979467
HAM	0.99321655719125578887 0.00678344280874416256
HAM	0.99999918377544549930 0.00000081622455456368
HAM	0.66869636913255636745 0.33130363086744363255
HAM	0.69380586773135910494 0.30619413226864106159
HAM	0.78590546852780795994 0.21409453147219198454
HAM	1.00000000000000000000 0.00000000000000068331
HAM	0.86832400349840888065 0.13167599650159111935
HAM	0.99879781537521528101 0.00120218462478469817
HAM	0.99993621983987290847 0.00006378016012701060
HAM	0.99896680670126702939 0.00103319329873304239
HAM	0.97651409522751331238 0.02348590477248676395
HAM	0.99998291647471226895 0.00001708352528788351
HAM	0.85355606633559533147 0.14644393366440469628
SPAM	0.49557888268483130112 0.50442111731516869888
HAM	0.94205064096839374876 0.05794935903160635532
HAM	0.77731048723720008731 0.22268951276280005147
HAM	0.75737494952708883655 0.24262505047291127447
HAM	0.99999990099390334564 0.00000009900609664214
HAM	0.71200379016646109243 0.28799620983353890757
HAM	0.83977666158441088839 0.16022333841558900058
HAM	0.67047953185088049466 0.32952046814911944983
HAM	0.80846974857475750742 0.19153025142524243707
HAM	0.99635421314966177153 0.00364578685033832344
HAM	0.86288263029543910143 0.13711736970456087081
HAM	0.97323721069050861399 0.02676278930949150051
HAM	0.67592568595443458523 0.32407431404556535925
HAM	0.91886661814480963262 0.08113338185519033963
HAM	0.87843176106993370311 0.12156823893006636628
HAM	0.93907110344725686080 0.06092889655274308369
HAM	0.56722069939889274703 0.43277930060110730848
HAM	0.98141052493658775813 0.01858947506341229738
HAM	0.90323507901805155651 0.09676492098194849900
HAM	0.80888164535038198366 0.19111835464961790532
HAM	0.99701877933284455136 0.00298122066715540918
HAM	0.90800282887935157561 0.09199717112064831337
HAM	0.99998167166537454964 0.00001832833462550867
HAM	0.62725101534080385246 0.37274898465919603652
HAM	0.59128123679970956417 0.40871876320029043583
HAM	0.93950559372171082995 0.06049440627828918393
HAM	0.72268946576694759187 0.27731053423305235262
HAM	0.88156014162178708560 0.11843985837821292828
HAM	0.87872070914703015454 0.12127929085296985934
HAM	0.98097923129139130705 0.01902076870860867561
HAM	0.74992333120565290994 0.25007666879434714557
HAM	0.66726293787716461914 0.33273706212283532535
HAM	0.92677952746482439306 0.07322047253517555143
HAM	0.94843774993736296164 0.05156225006263717714
HAM	0.80124104465827217236 0.19875895534172779988
HAM	0.99939443477174028096 0.00060556522825964108
HAM	0.76429813171160709828 0.23570186828839287396
HAM	0.55177316547175536687 0.44822683452824463313
HAM	0.91446216191857021549 0.08553783808142970124
HAM	0.97981399831047955029 0.02018600168952033869
SPAM	0.44122267013062810292 0.55877732986937189708
HAM	0.99989549825743329059 0.00010450174256673723
HAM	0.81096158140549656768 0.18903841859450340457
HAM	0.99286558560996818201 0.00713441439003175467
HAM	0.97756569014099758963 0.02243430985900244160
HAM	0.63408473911423357539 0.36591526088576648013
HAM	0.80747000560548343184 0.19252999439451665142
HAM	0.99995639628746424421 0.00004360371253563921
HAM	0.88222592275449251975 0.11777407724550736923
HAM	0.96947979924842941912 0.03052020075157059475
HAM	0.59128968730778463936 0.40871031269221541615
HAM	0.88570936309164538525 0.11429063690835462863
HAM	0.89144527896314218474 0.10855472103685780139
HAM	0.98803832088457321792 0.01196167911542668841
HAM	0.88228386549002468797 0.11771613450997520101
HAM	0.54983530769857735798 0.45016469230142258651
HAM	1.00000000000000000000 0.00000000000000003188
SPAM	0.01176085323031743693 0.98823914676968260817
HAM	0.95682908045925607610 0.04317091954074395860
HAM	0.99999833845087848783 0.00000166154912165969
HAM	0.88091182385615307560 0.11908817614384692440
HAM	0.95974562509400274113 0.04025437490599716173
HAM	0.99993479677741092804 0.00006520322258919184
HAM	0.91637654312911409615 0.08362345687088583446
HAM	0.58656527679709014045 0.41343472320290985955
HAM	0.54102377293695214089 0.45897622706304780360
HAM	0.77377277687469026013 0.22622722312530973987
HAM	0.99375713793410047625 0.00624286206589965385
HAM	0.99950615844466539350 0.00049384155533470006
HAM	0.91641839508237066259 0.08358160491762936517
HAM	0.95867236209457962204 0.04132763790542036408
HAM	0.76983920187173082716 0.23016079812826920059
HAM	0.66538420599594305660 0.33461579400405694340
HAM	0.93072057019374898612 0.06927942980625109715
HAM	0.88425178946244686884 0.11574821053755310341
HAM	0.67819490010194882768 0.32180509989805111681
HAM	0.97896831099630921003 0.02103168900369090100
HAM	0.99860391479095800271 0.00139608520904209378
HAM	0.67385286792342347084 0.32614713207657641814
HAM	0.75198797574663645005 0.24801202425336346669
HAM	0.58505199178622468992 0.41494800821377536559
HAM	0.99422705888009166308 0.00577294111990836294
HAM	0.99548073039163198494 0.00451926960836796822
HAM	0.99211294539589856001 0.00788705460410131683
HAM	0.85795249044354282564 0.14204750955645722987
HAM	0.98278190137295950990 0.01721809862704049010
HAM	0.99999044651556745489 0.00000955348443256224
HAM	0.99545474045174064948 0.00454525954825925425
HAM	0.64164823613269228453 0.35835176386730771547
HAM	0.81323988923400025719 0.18676011076599963179
HAM	0.94481769127103998329 0.05518230872896006528
HAM	0.99968635496704894017 0.00031364503295106417
HAM	0.58543356506823773788 0.41456643493176215109
HAM	0.67130238470928815797 0.32869761529071184203
HAM	0.99714176840503254695 0.00285823159496753415
HAM	0.98259226435186719506 0.01740773564813282576
HAM	0.99986152280714191143 0.00013847719285799276
HAM	0.82657746908469731384 0.17342253091530260289
HAM	0.96643549487321689373 0.03356450512678322423
HAM	0.97973520178141204617 0.02026479821858800240
SPAM	0.21415351730711851275 0.78584648269288148725
HAM	0.99999999413314166752 0.00000000586685820562
HAM	0.90444269077057137807 0.09555730922942853867
HAM	0.50235148027021159223 0.49764851972978851880
HAM	0.61209259451854214351 0.38790740548145791200
SPAM	0.45519966429351521597 0.54480033570648489505
HAM	0.99999999999564415099 0.00000000000435585643
HAM	0.64587051867300959707 0.35412948132699034742
HAM	0.79909739180714300932 0.20090260819285712945
HAM	0.82045404478166139572 0.17954595521833860428
HAM	0.99788893422091540231 0.00211106577908455953
HAM	0.97641054496421597619 0.02358945503578400646
HAM	0.58255482200171604390 0.41744517799828395610
HAM	0.99999074776699936606 0.00000925223300057633
HAM	0.96134405170350278880 0.03865594829649720426
HAM	0.97761919236591909854 0.02238080763408087370
HAM	0.72960571083137548687 0.27039428916862456864
HAM	0.77105392707234399197 0.22894607292765609130
HAM	0.54801337087680834781 0.45198662912319165219
HAM	0.51516593393318355076 0.48483406606681633821
HAM	0.77645595062494288108 0.22354404937505706341
HAM	0.52934480976224795867 0.47065519023775220786
HAM	0.84997897168454472627 0.15002102831545535699
HAM	0.83189953587703469040 0.16810046412296533735
HAM	0.73665639663009119253 0.26334360336990880747
HAM	0.80843747223601036822 0.19156252776398968729
HAM	0.85231201668270917260 0.14768798331729085516
HAM	0.99972265126199733043 0.00027734873800267223
HAM	0.87280662223546257028 0.12719337776453745747
HAM	0.98608114761632970069 0.01391885238367021951
HAM	0.74524073024754344807 0.25475926975245655193
HAM	0.74228086087853950570 0.25771913912146049430
HAM	0.99865643066193932054 0.00134356933806071286
HAM	0.68691453407272817788 0.31308546592727187763
HAM	0.67098604848451581795 0.32901395151548418205
HAM	0.97262638617141783381 0.02737361382858215925
HAM	0.99619314311336981671 0.00380685688663010263
HAM	0.83508292423926056003 0.16491707576073941222
HAM	0.81938544103615518210 0.18061455896384470687
HAM	0.80088028974185543341 0.19911971025814448333
HAM	0.85290883940055572943 0.14709116059944429833
HAM	0.99915706015981164967 0.00084293984018830067
HAM	0.99710265737447500989 0.00289734262552512629
SPAM	0.38800178774429755491 0.61199821225570238958
HAM	0.99353178677174669442 0.00646821322825342267
HAM	0.93557892654996388515 0.06442107345003605934
HAM	0.93423632009393786646 0.06576367990606210578
HAM	0.94524777908390966719 0.05475222091609020791
HAM	0.72139853103773121656 0.27860146896226878344
HAM	0.94451763200544236465 0.05548236799455766310
HAM	0.70894676810460899308 0.29105323189539100692
HAM	1.00000000000000000000 0.00000000000000665599
HAM	0.93584639346114328884 0.06415360653885662789
HAM	0.71379639012164486367 0.28620360987835502531
HAM	0.60655636858617945073 0.39344363141382054927
HAM	0.55589281567183046473 0.44410718432816947976
HAM	0.83657018875056821106 0.16342981124943184446
HAM	0.99462906736654710382 0.00537093263345298551
HAM	0.84621531136209104940 0.15378468863790897836
HAM	0.99998162775857257767 0.00001837224142744880
HAM	0.85619115216847674343 0.14380884783152331208
HAM	0.99886376168664758879 0.00113623831335253308
HAM	0.51794485721892580266 0.48205514278107414183
HAM	0.79657337274713302389 0.20342662725286705938
HAM	0.79459929657183103746 0.20540070342816896254
HAM	0.99998741360433640590 0.00001258639566352772
HAM	0.62017520874016029975 0.37982479125983981127
HAM	0.84898679108288055417 0.15101320891711950134
HAM	0.93216544268588330535 0.06783455731411661138
HAM	0.90021442169484522378 0.09978557830515477622
HAM	0.92377477761571813453 0.07622522238428185160
HAM	0.97119841446903820703 0.02880158553096181032
SPAM	0.45439127481134622411 0.54560872518865377589
HAM	0.88038677474918725085 0.11961322525081284629
HAM	0.95414600590435250105 0.04585399409564754752
SPAM	0.48651333531445517533 0.51348666468554493569
HAM	0.64938179013826147212 0.35061820986173858339
HAM	0.95164779572459012869 0.04835220427540982968
HAM	0.99122212141000010099 0.00877787858999982615
HAM	0.85548880212952216340 0.14451119787047783660
HAM	0.78717898349592074769 0.21282101650407925231
HAM	0.59810190052727318921 0.40189809947272675528
HAM	0.83178796897214513084 0.16821203102785484140
HAM	0.90668159923144742152 0.09331840076855248134
HAM	0.90205939044159200169 0.09794060955840801219
HAM	0.96379096346967885189 0.03620903653032121750
HAM	0.85760191494625426234 0.14239808505374573766
HAM	0.81877491815576308731 0.18122508184423694044
HAM	0.99663486881661877970 0.00336513118338108413
HAM	0.96510363014521116654 0.03489636985478878489
HAM	0.81071773114093859114 0.18928226885906140886
HAM	0.71329988309442549088 0.28670011690557439810
HAM	0.82718436616286095120 0.17281563383713899329
HAM	0.99967042949357809434 0.00032957050642197776
HAM	0.99990929154264474032 0.00009070845735524490
HAM	0.82099537372638509147 0.17900462627361490853
HAM	0.77117914527472986030 0.22882085472527005643
HAM	0.56162940002986649901 0.43837059997013361201
HAM	0.95585436646048427267 0.04414563353951572733
HAM	0.97261942440729221016 0.02738057559270772393
HAM	0.60606966508704396279 0.39393033491295598170
HAM	0.85077687415483438382 0.14922312584516558842
HAM	0.93742134693047118876 0.06257865306952875573
HAM	0.99997556177448976289 0.00002443822551024096
HAM	0.64707760755343057824 0.35292239244656936625
HAM	0.77853583622094257866 0.22146416377905747686
HAM	0.94269726220767813274 0.05730273779232186032
HAM	0.82876144684422625719 0.17123855315577379832
HAM	0.62998800560445356034 0.37001199439554649517
SPAM	0.28854872007092685626 0.71145127992907319925
HAM	0.64527350997103127828 0.35472649002896877724
HAM	0.99989400504250314228 0.00010599495749680317
HAM	0.65486911211717935277 0.34513088788282059172
HAM	0.99980946887289379177 0.00019053112710616535
HAM	0.72213344552209823846 0.27786655447790170603
HAM	0.83609511345485787448 0.16390488654514201450
HAM	0.93523349149178436335 0.06476650850821566441
HAM	0.58942235539036180736 0.41057764460963813713
HAM	0.68915509140346153938 0.31084490859653840511
HAM	0.77281387029100234720 0.22718612970899762504
HAM	0.66191169824182383152 0.33808830175817622399
HAM	0.97573991486402689155 0.02426008513597305294
HAM	0.95437176209311702646 0.04562823790688307068
SPAM	0.45448499213654597328 0.54551500786345408223
HAM	0.88230075957615428095 0.11769924042384570517
HAM	0.73866040384824460663 0.26133959615175533786
HAM	0.65618269729356215603 0.34381730270643773295
HAM	0.99999992047211982982 0.00000007952788021850
HAM	0.99006672189018340990 0.00993327810981654673
HAM	0.99999855609264221012 0.00000144390735777716
HAM	0.99984524125335716427 0.00015475874664282212
HAM	0.82047279385783078443 0.17952720614216913231
HAM	0.99993339526971447562 0.00006660473028563990
HAM	0.93531636106306526024 0.06468363893693472588
HAM	0.99908809234661943854 0.00091190765338060125
HAM	0.88355886393680993507 0.11644113606319005105
HAM	0.96486935898105941067 0.03513064101894067953
HAM	0.66909835094475067496 0.33090164905524938055
HAM	0.91358487887200989785 0.08641512112799018541
HAM	0.57382098051902719060 0.42617901948097280940
HAM	0.77259484436589032086 0.22740515563410965139
HAM	0.99154150475375735230 0.00845849524624276740
HAM	0.99997646415623975269 0.00002353584376030200
HAM	0.86761757125361249621 0.13238242874638739277
HAM	0.96603932663858937957 0.03396067336141067594
HAM	0.56906996146990518337 0.43093003853009470561
HAM	0.99999999999990074606 0.00000000000009932377
HAM	0.65144065287655061880 0.34855934712344949222
HAM	0.71187705490050046109 0.28812294509949948340
HAM	0.88974980377151269284 0.11025019622848725165
HAM	0.99940106319592658668 0.00059893680407343641
HAM	0.99997695379687157047 0.00002304620312840798
HAM	0.69465465429720929524 0.30534534570279076027
HAM	0.90636506841601127693 0.09363493158398882021
HAM	0.67802020210667923727 0.32197979789332092926
HAM	0.58974140213963777146 0.41025859786036211752
HAM	0.93753799768619705546 0.06246200231380299311
HAM	0.99615310228012909910 0.00384689771987101106
HAM	0.54594689849645328117 0.45405310150354671883
HAM	0.80814464326613744127 0.19185535673386255873
HAM	0.99485528522600841228 0.00514471477399168486
HAM	0.99999998346081797607 0.00000001653918205363
HAM	0.80055586983827742298 0.19944413016172252151
HAM	0.75505303897368303279 0.24494696102631693946
HAM	0.68339143826546455696 0.31660856173453549856
HAM	0.69796445500466186562 0.30203554499533818989
HAM	0.93620118467201218770 0.06379881532798779842
HAM	0.65011528285926700743 0.34988471714073288155
HAM	0.93892328196594709855 0.06107671803405306105
HAM	0.98655496857271951505 0.01344503142728050750
HAM	0.52480495132617199783 0.47519504867382800217
HAM	0.64864624648094038051 0.35135375351905961949
HAM	0.99706132445554107591 0.00293867554445894491
HAM	0.99999968325727062179 0.00000031674272934962
HAM	0.86377996434033532669 0.13622003565966478433
HAM	0.87405205273531538790 0.12594794726468455659
HAM	0.99236387073274257009 0.00763612926725734491
HAM	0.99204662779922059279 0.00795337220077934129
HAM	0.61207222582766951380 0.38792777417233054171
HAM	0.59965814900067637705 0.40034185099932362295
HAM	0.99339523921970962483 0.00660476078029036476
HAM	0.62153855360439747013 0.37846144639560236334
HAM	0.81945464643701737550 0.18054535356298259674
HAM	0.86894009763918633737 0.13105990236081355160
HAM	0.88495438559000583201 0.11504561440999423738
HAM	0.80764276318012140354 0.19235723681987859646
HAM	0.68891986192094523123 0.31108013807905476877
HAM	0.97523230169281971413 0.02476769830718019566
HAM	0.76825774334192575843 0.23174225665807432484
HAM	0.93109394679484880353 0.06890605320515123811
HAM	0.83528049068453902315 0.16471950931546100461
HAM	0.92088989325412595743 0.07911010674587395930
HAM	0.91165944995260739248 0.08834055004739252426
HAM	0.82159350104605854970 0.17840649895394150581
HAM	0.99999419429111846558 0.00000580570888145477
HAM	0.98912048899298399274 0.01087951100701599859
HAM	0.92838322852659060924 0.07161677147340937688
HAM	0.96292216456061652252 0.03707783543938349136
HAM	0.62393837523586437310 0.37606162476413573792
HAM	0.98013437847180895357 0.01986562152819091459
HAM	0.67104080967264356783 0.32895919032735637666
HAM	0.99993768799854110263 0.00006231200145896803
HAM	0.86757241511519267441 0.13242758488480738110
SPAM	0.48241061877667062996 0.51758938122332931453
HAM	0.99999999901714575756 0.00000000098285429427
HAM	0.77676532226920158575 0.22323467773079844201
HAM	0.83095043517523436982 0.16904956482476554691
HAM	0.99429132139654785583 0.00570867860345218234
HAM	0.81002067451307824264 0.18997932548692170185
HAM	0.99584515804705209252 0.00415484195294787886
HAM	0.81544404619039922988 0.18455595380960082563
HAM	0.96061121916046332547 0.03938878083953675779
HAM	0.87503381308559557983 0.12496618691440446181
HAM	0.68777934726344192029 0.31222065273655802420
HAM	0.96358194403701302733 0.03641805596298690328
HAM	0.69686503310806102718 0.30313496689193902833
HAM	0.68748654010843068818 0.31251345989156942284
HAM	0.60100351908546123525 0.39899648091453859822
HAM	0.83426923603660885220 0.16573076396339109229
HAM	0.93827306467708859739 0.06172693532291140261
HAM	0.57697939999947278622 0.42302060000052715827
HAM	0.99815956125565519219 0.00184043874434480586
HAM	0.87511987670175594989 0.12488012329824413338
HAM	0.56224711858446319024 0.43775288141553686527
HAM	0.87864340551301822746 0.12135659448698171703
HAM	0.69592058005463919290 0.30407941994536080710
HAM	0.98208621534811602061 0.01791378465188393082
HAM	0.90635232130848986110 0.09364767869151019442
HAM	0.87558266339757895302 0.12441733660242115800
HAM	0.97752458492557836589 0.02247541507442152656
HAM	0.84504716013407421560 0.15495283986592589542
HAM	0.96453939187198289851 0.03546060812801717782
HAM	0.78445485832149830507 0.21554514167850163942
HAM	0.89988835224397489831 0.10011164775602511556
HAM	0.99970765099928604602 0.00029234900071385428
HAM	0.97805733123577109911 0.02194266876422885232
HAM	0.95247724504134201329 0.04752275495865791732
HAM	0.95255663333688656014 0.04744336666311342599
HAM	0.90279011353652416361 0.09720988646347580864
HAM	0.89618619265995225209 0.10381380734004776178
HAM	0.62636333431417723361 0.37363666568582287741
HAM	0.61584699080014282391 0.38415300919985717609
HAM	0.86857472810385427664 0.13142527189614580663
HAM	0.75681242865468889569 0.24318757134531107655
HAM	0.73564457659403970080 0.26435542340596024369
HAM	0.65036351676913262132 0.34963648323086743419
HAM	0.58608311175518557068 0.41391688824481437381
HAM	0.75472193380049779066 0.24527806619950226485
HAM	0.80140634901328899886 0.19859365098671100114
HAM	0.62702722656243203847 0.37297277343756796153
HAM	0.65447968050977844978 0.34552031949022166124
HAM	0.75613570941472585396 0.24386429058527409053
HAM	0.66443199663986329817 0.33556800336013675734
HAM	0.94578185666755554273 0.05421814333244456136
HAM	0.98455186532651706166 0.01544813467348291752
HAM	0.84747341825246569336 0.15252658174753430664
HAM	0.69729192838263709397 0.30270807161736279500
HAM	0.68097979497410388028 0.31902020502589611972
HAM	0.96111051426841809242 0.03888948573158184513
HAM	0.90813705157710411520 0.09186294842289595419
HAM	0.94336166196298820719 0.05663833803701188302
HAM	0.63665885432968705171 0.36334114567031305931
HAM	0.98474241115666960589 0.01525758884333035942
HAM	0.68211735772554726864 0.31788264227445273136
HAM	0.59987489125096327136 0.40012510874903667313
HAM	0.96438185123363584506 0.03561814876636409249
HAM	0.91349136180221024439 0.08650863819778986663
HAM	0.88643665421016315520 0.11356334578983671990
HAM	0.96602123438178588710 0.03397876561821402269
HAM	0.78881961158878799445 0.21118038841121203331
HAM	0.66626939542292629159 0.33373060457707370841
HAM	0.81720891898900371864 0.18279108101099636463
HAM	0.76143199071372680287 0.23856800928627325264
HAM	0.53871988459874720068 0.46128011540125274381
HAM	0.99998560817608417306 0.00001439182391589678
HAM	0.96444879266675032081 0.03555120733324966531
HAM	0.85278303391880705409 0.14721696608119289040
HAM	0.54269943064769454732 0.45730056935230545268
HAM	0.99881069307044112460 0.00118930692955898014
HAM	0.74381084534284425125 0.25618915465715580426
HAM	0.98225400571911047898 0.01774599428088946551
HAM	0.89232016755937371144 0.10767983244062626080
HAM	0.98894426496356580003 0.01105573503643411150
HAM	0.99820790939150150223 0.00179209060849841928
HAM	0.96477237076136179716 0.03522762923863814732
HAM	0.85926024839830938973 0.14073975160169061027
HAM	0.74524073024754344807 0.25475926975245655193
HAM	0.99999998731844097488 0.00000001268155902691
HAM	0.81427115142026951222 0.18572884857973040451
HAM	0.56827569851840997739 0.43172430148159007812
HAM	0.95207371977879962088 0.04792628022120033054
SPAM	0.43505067164077432240 0.56494932835922562209
HAM	0.99808362669387762356 0.00191637330612225154
HAM	0.86131114358917704177 0.13868885641082290272
HAM	0.81005353620110909230 0.18994646379889096321
HAM	0.53856956828350732724 0.46143043171649267276
HAM	0.83377123467836078419 0.16622876532163932684
HAM	0.95200541178498765404 0.04799458821501233902
HAM	0.97264510056507813562 0.02735489943492183315
HAM	0.74384425787657260098 0.25615574212342745453
HAM	0.87297138080041736252 0.12702861919958260972
SPAM	0.28374886076822686265 0.71625113923177308184
HAM	0.99999860460813017049 0.00000139539186980843
HAM	0.99871450484561896666 0.00128549515438109471
HAM	0.96482989665698404291 0.03517010334301599872
HAM	0.95939798247535823528 0.04060201752464179942
HAM	0.87797001105126137865 0.12202998894873856583
HAM	0.93052462056060802897 0.06947537943939201266
HAM	0.72732387031441114722 0.27267612968558885278
HAM	0.98286194904399537542 0.01713805095600460376
HAM	0.96918150817235348971 0.03081849182764635417
HAM	0.99999996370824439929 0.00000003629175560372
HAM	0.62594131985090195602 0.37405868014909804398
HAM	0.76306648684043132391 0.23693351315956867609
HAM	0.67343371442554567086 0.32656628557445432914
HAM	0.78080180757231520960 0.21919819242768473488
HAM	0.67933658120653761525 0.32066341879346249577
HAM	0.80918175523968061125 0.19081824476031949978
HAM	0.99032677954865422354 0.00967322045134571575
HAM	0.99245778339483037289 0.00754221660516962190
HAM	0.93826558064907306100 0.06173441935092689736
HAM	0.94907019783760637743 0.05092980216239358787
HAM	0.90328538059625951284 0.09671461940374059818
HAM	0.92963702809290893470 0.07036297190709106530
HAM	0.86643352675891271986 0.13356647324108719688
SPAM	0.02511426293569286525 0.97488573706430725618
HAM	0.82162270106896162503 0.17837729893103826395
HAM	0.91152571705171614447 0.08847428294828381390
HAM	0.68426542763663888991 0.31573457236336116560
HAM	0.99325922800280452840 0.00674077199719545685
HAM	0.85082734578171703710 0.14917265421828290739
HAM	0.99996333847229201819 0.00003666152770797791
HAM	0.73364459897160749779 0.26635540102839250221
HAM	1.00000000000000000000 0.00000000000000001166
HAM	0.94319079397466742964 0.05680920602533261893
HAM	0.84427583847123444105 0.15572416152876555895
HAM	0.57465349223669026646 0.42534650776330973354
HAM	0.96635520395439855612 0.03364479604560138837
HAM	0.66067604161300552690 0.33932395838699447310
HAM	0.56804921463807556137 0.43195078536192443863
HAM	0.63935932954670160466 0.36064067045329845085
HAM	0.99981727091322614154 0.00018272908677386456
HAM	0.74461736358183649997 0.25538263641816355554
HAM	0.80073842471448219982 0.19926157528551788345
HAM	0.81520406501234787822 0.18479593498765214954
HAM	0.88601364116511194258 0.11398635883488790477
HAM	0.66991794020786665786 0.33008205979213339765
HAM	0.79328372546243242081 0.20671627453756763471
HAM	0.99999998891933528089 0.00000001108066474561
HAM	0.99390388917525307466 0.00609611082474689758
HAM	0.93424905252860335203 0.06575094747139662021
HAM	0.72358847102992740474 0.27641152897007253975
HAM	0.89079072431484729311 0.10920927568515276240
HAM	0.64127054767756785925 0.35872945232243225178
HAM	0.93414381628909626265 0.06585618371090389001
HAM	0.95882650250315137885 0.04117349749684863502
HAM	0.84460341881618927751 0.15539658118381075025
HAM	0.64132587850149025410 0.35867412149850974590
HAM	0.58996930095816246808 0.41003069904183764294
HAM	0.80185150090135837164 0.19814849909864154509
HAM	0.76266737979894594357 0.23733262020105413970
HAM	0.97251398184117732182 0.02748601815882266777
HAM	0.56191564250251246904 0.43808435749748747545
HAM	0.79072910484466119030 0.20927089515533892072
HAM	0.98884508291482509090 0.01115491708517490563
HAM	0.72666146080563653875 0.27333853919436340574
HAM	0.91128928016655486033 0.08871071983344516743
HAM	0.67148655645509547352 0.32851344354490452648
HAM	0.81391875834011684354 0.18608124165988310095
HAM	0.82308331138191470622 0.17691668861808540480
HAM	0.74560955126781491842 0.25439044873218508158
HAM	0.95238830146272934751 0.04761169853727060391
HAM	0.93516286234520096254 0.06483713765479900970
HAM	0.99512622617269363978 0.00487377382730631078
SPAM	0.43985395050180248200 0.56014604949819768454
HAM	0.67839658166241167958 0.32160341833758826491
HAM	0.99827020859814585840 0.00172979140185405811
HAM	0.99759940050809015055 0.00240059949190979394
HAM	0.98883759068591015051 0.01116240931408991020
HAM	0.88125025767215747763 0.11874974232784257788
HAM	1.00000000000000000000 0.00000000000000000000
HAM	0.99597060218104827012 0.00402939781895176978
HAM	0.90599422632156789703 0.09400577367843220011
HAM	0.54450420321097392495 0.45549579678902607505
HAM	0.99988244103225087933 0.00011755896774908611
HAM	0.99999900758229165465 0.00000099241770822730
HAM	0.73297657834433405100 0.26702342165566583798
HAM	0.93065551466591311947 0.06934448533408688053
HAM	0.86825696335825841565 0.13174303664174161210
HAM	0.99999764831140192101 0.00000235168859809804
HAM	0.75624164550106076632 0.24375835449893917817
HAM	0.97231725259977774822 0.02768274740022217545
HAM	0.82799713856745338347 0.17200286143254658877
HAM	0.77462855243825667895 0.22537144756174340432
HAM	0.72128566813052008566 0.27871433186947996985
HAM	0.84860525038708234380 0.15139474961291773947
HAM	0.69648232316529978814 0.30351767683470015635
HAM	0.96820197342405200924 0.03179802657594788667
HAM	0.76784922951514655853 0.23215077048485338596
SPAM	0.49372608328917477749 0.50627391671082522251
HAM	0.96043942767117906900 0.03956057232882077140
HAM	0.79250714546639333680 0.20749285453360663545
HAM	0.95357683611789056943 0.04642316388210944444
HAM	0.99999999997028021781 0.00000000002971982552
HAM	0.71638122761812372818 0.28361877238187632733
HAM	0.87234842875386398031 0.12765157124613590867
HAM	0.92365579401008268690 0.07634420598991732698
HAM	0.98148123487276994759 0.01851876512723001772
HAM	0.99153758015146342686 0.00846241984853644304
HAM	0.73545857888554200255 0.26454142111445794194
HAM	0.99250948850211451191 0.00749051149788544646
HAM	0.98460322588520465814 0.01539677411479536788
HAM	0.58753989621970859059 0.41246010378029140941
HAM	0.99866134471648027038 0.00133865528351978665
HAM	0.82046166989218449750 0.17953833010781561352
HAM	0.53852603872791060535 0.46147396127208939465
HAM	0.56803807650143411934 0.43196192349856582515
HAM	0.99997911838714859112 0.00002088161285144389
HAM	0.99315971341068531864 0.00684028658931480973
HAM	0.98184342168414717733 0.01815657831585290594
HAM	0.69681553162715448302 0.30318446837284551698
HAM	0.99271763075451757707 0.00728236924548243160
HAM	0.98528309234104827219 0.01471690765895179720
HAM	0.69584535389186152887 0.30415464610813841562
HAM	0.85825958080831188379 0.14174041919168817172
HAM	0.58079187823098143983 0.41920812176901850465
HAM	0.96508471197665846031 0.03491528802334162296
SPAM	0.48704231362875266553 0.51295768637124727896
HAM	0.74962057400126413942 0.25037942599873591609
HAM	0.94123782287494828225 0.05876217712505164836
HAM	0.98266169361576316543 0.01733830638423670967
HAM	0.73186954181885643944 0.26813045818114356056
HAM	0.68122577094733405279 0.31877422905266589170
HAM	0.99823595300939826913 0.00176404699060171873
HAM	0.96329211920116497581 0.03670788079883496174
HAM	0.99862593753415829223 0.00137406246584179386
HAM	0.89095831505721234667 0.10904168494278763946
HAM	0.99998581456591162375 0.00001418543408825431
HAM	0.99506708104822572114 0.00493291895177436126
HAM	0.98954577754211581198 0.01045422245788415506
HAM	0.99494031523358084090 0.00505968476641922328
HAM	0.89444309384541409447 0.10555690615458587778
HAM	0.70961378220904181013 0.29038621779095813435
HAM	0.99396860756214022725 0.00603139243785972071
HAM	0.75584505997954654077 0.24415494002045337596
HAM	0.91959833163965221114 0.08040166836034770559
HAM	0.99997798179682728659 0.00002201820317270569
HAM	0.62979089212258587693 0.37020910787741406756
HAM	0.80536299967258218047 0.19463700032741787505
HAM	0.73735527863686889383 0.26264472136313105066
HAM	0.99729082943327762578 0.00270917056672239157
HAM	0.99998375790443161382 0.00001624209556838141
HAM	0.66281797324884750289 0.33718202675115244160
SPAM	0.48570364337039473313 0.51429635662960515585
HAM	0.85769043018203439122 0.14230956981796552552
HAM	0.99444607981920207784 0.00555392018079797940
HAM	0.99816802676581162235 0.00183197323418829677
HAM	0.99993120834654747320 0.00006879165345247616
HAM	0.90628412592258034142 0.09371587407741971409
HAM	0.64828072349953536069 0.35171927650046469482
HAM	0.79946830915709266030 0.20053169084290731194
HAM	0.92876954866518235399 0.07123045133481768765
HAM	0.97803257321527392598 0.02196742678472595259
HAM	0.99730699453216198336 0.00269300546783809167
HAM	0.99872005519714479593 0.00127994480285525372
HAM	0.79906949851874065072 0.20093050148125940479
HAM	0.81905897579070896519 0.18094102420929103481
SPAM	0.20692657843410958152 0.79307342156589022419
HAM	0.99659789384897379261 0.00340210615102614711
HAM	0.60119345109681188166 0.39880654890318800732
HAM	0.84714146575177884380 0.15285853424822110069
HAM	0.95236848792851092060 0.04763151207148901695
HAM	0.58800445974780268799 0.41199554025219725650
HAM	0.75227076526455582961 0.24772923473544425366
HAM	0.94053570541524400550 0.05946429458475593205
HAM	0.75145801483777530105 0.24854198516222464344
HAM	0.94010505229477403510 0.05989494770522588163
HAM	0.82305848170488360438 0.17694151829511647889
HAM	0.99945074525057142623 0.00054925474942856694
HAM	0.72347597697365739755 0.27652402302634249143
HAM	0.90668159923144742152 0.09331840076855248134
HAM	0.60855098180264655117 0.39144901819735339332
HAM	0.90798202694718832539 0.09201797305281178563
HAM	0.89911331422956608517 0.10088668577043380381
HAM	0.99326743632218839064 0.00673256367781166661
HAM	0.77580585517113487271 0.22419414482886529383
HAM	0.73297657834433405100 0.26702342165566583798
HAM	0.99997857371755061173 0.00002142628244939822
HAM	0.84722423448278583180 0.15277576551721408493
HAM	0.83046435902373616500 0.16953564097626394602
HAM	0.99868573256166848218 0.00131426743833142263
SPAM	0.42781919874267548831 0.57218080125732451169
HAM	0.64295087738738121441 0.35704912261261878559
HAM	0.84509607027474187291 0.15490392972525821036
SPAM	0.18864641416891730907 0.81135358583108263542
HAM	0.88906558816192260419 0.11093441183807734030
SPAM	0.16996544538509070210 0.83003455461490927014
HAM	0.94644141324674180282 0.05355858675325817636
HAM	0.90656157506702828019 0.09343842493297176144
HAM	0.97595102154997748212 0.02404897845002248666
HAM	0.99994126336862698690 0.00005873663137297578
SPAM	0.44240978272912334646 0.55759021727087665354
HAM	0.74416709959671878405 0.25583290040328132697
SPAM	0.44792152290638553858 0.55207847709361446142
HAM	0.76726477023694872326 0.23273522976305124899
HAM	0.99711415252889190608 0.00288584747110814900
SPAM	0.26464690781040889345 0.73535309218959110655
HAM	0.55731120148264756686 0.44268879851735248865
HAM	0.60058459361206972815 0.39941540638793021634
HAM	0.98367858474245850608 0.01632141525754140718
HAM	0.99921157853138076188 0.00078842146861916006
HAM	0.94241487629881426358 0.05758512370118570173
HAM	0.80384289947639520069 0.19615710052360474380
HAM	0.54485062291103936172 0.45514937708896063828
HAM	0.91844416023820085737 0.08155583976179914263
HAM	0.99535051193253010204 0.00464948806746979734
HAM	0.82212806586443598622 0.17787193413556393051
HAM	0.83258894227861701687 0.16741105772138301089
HAM	0.99997039579434021661 0.00002960420565976724
HAM	0.67139550498686062507 0.32860449501313926390
HAM	0.92481340297421466001 0.07518659702578521509
HAM	0.97371423231185116887 0.02628576768814889705
HAM	0.98006576806430967252 0.01993423193569027543
HAM	0.98769701278284283141 0.01230298721715728481
HAM	0.97413900563576361069 0.02586099436423635461
HAM	0.98706373709815253825 0.01293626290184753634
HAM	0.70856935294536771419 0.29143064705463228581
HAM	0.81841035986357746346 0.18158964013642248103
HAM	0.94852948978103268640 0.05147051021896723727
HAM	0.67214740623440749623 0.32785259376559255928
HAM	0.93553827935860633946 0.06446172064139361890
HAM	0.88383433063575145283 0.11616566936424856105
HAM	0.71784625467829166201 0.28215374532170828248
HAM	0.93363465502237741322 0.06636534497762257290
HAM	0.55936521779363823637 0.44063478220636176363
HAM	0.99977706569339042098 0.00022293430660955271
HAM	0.99885448546646615764 0.00114551453353387467
HAM	0.59805481217230349600 0.40194518782769661502
HAM	0.73928351307863593433 0.26071648692136401015
HAM	0.85207278106385542227 0.14792721893614463324
HAM	0.75044868243316309453 0.24955131756683693323
HAM	0.95653290050179695658 0.04346709949820295321
HAM	0.61918535723477374777 0.38081464276522619672
HAM	0.80058501163121131849 0.19941498836878870926
SPAM	0.48753902268665832986 0.51246097731334172565
HAM	0.99687386956697365825 0.00312613043302643933
HAM	0.99968266268383587647 0.00031733731616418451
HAM	0.99999999966292074660 0.00000000033707931308
HAM	0.59168983862023816211 0.40831016137976172686
HAM	0.73766133004723855038 0.26233866995276144962
HAM	0.99982750501286365985 0.00017249498713624864
HAM	0.56228025796444280893 0.43771974203555724658
HAM	0.93723865687474561259 0.06276134312525427639
HAM	0.82582852323060218502 0.17417147676939792600
HAM	0.70556961726590461392 0.29443038273409538608
HAM	0.75243013187351026616 0.24756986812648976160
HAM	0.88847963958975384458 0.11152036041024608604
HAM	0.71176877746040168038 0.28823122253959831962
HAM	0.75552237126578147830 0.24447762873421846619
HAM	0.95289077870386673652 0.04710922129613331205
HAM	0.81697245011681718374 0.18302754988318287177
HAM	0.86601116764488372812 0.13398883235511632739
HAM	0.88116111131759111696 0.11883888868240891079
HAM	0.67914875209511471610 0.32085124790488522839
HAM	0.99953091187584719446 0.00046908812415293814
HAM	0.70801155893962175458 0.29198844106037818991
HAM	0.62842384204909995660 0.37157615795090004340
HAM	0.95891079641228216257 0.04108920358771773335
HAM	0.99999988493607505635 0.00000011506392499544
HAM	0.61944248543915247929 0.38055751456084752071
HAM	0.61966126725442205458 0.38033873274557783439
HAM	0.99375896557213205806 0.00624103442786809459
HAM	0.74058793482565377087 0.25941206517434622913
HAM	0.52619416429473242491 0.47380583570526751958
HAM	0.91487419449590012821 0.08512580550409981628
HAM	0.73011786623901908655 0.26988213376098091345
HAM	0.69627003775841267430 0.30372996224158738121
HAM	0.57671354875177471833 0.42328645124822533719
HAM	0.99411916213006845666 0.00588083786993155461
HAM	0.68143296193763780444 0.31856703806236219556
HAM	0.60657118050173619572 0.39342881949826391530
HAM	0.97456723692073243814 0.02543276307926767982
HAM	1.00000000000000000000 0.00000000000000000001
HAM	0.99864454726831486386 0.00135545273168506458
HAM	0.99774256046216769356 0.00225743953783241486
HAM	0.90447121301356347978 0.09552878698643656186
HAM	1.00000000000000000000 0.00000000000000000000
HAM	0.98997019144612641295 0.01002980855387353501
HAM	0.99638107948075538278 0.00361892051924463977
HAM	0.96819420205869621832 0.03180579794130371230
HAM	0.93918552653873565994 0.06081447346126429149
HAM	0.99776982707424044516 0.00223017292575958519
HAM	0.99981113722611991701 0.00018886277388011088
HAM	0.81291490731131410552 0.18708509268868597775
HAM	0.71762082894489198637 0.28237917105510801363
HAM	0.97946945834748422310 0.02053054165251566587
HAM	0.76582676724512066535 0.23417323275487922363
HAM	0.99941740804687506650 0.00058259195312482346
HAM	0.71423553000816630831 0.28576446999183358066
HAM	0.82995234193115363652 0.17004765806884647450
HAM	0.99616756278142182257 0.00383243721857828715
HAM	0.84047179465219179484 0.15952820534780812189
HAM	0.82617437715449282276 0.17382562284550706622
HAM	0.85657740811642002488 0.14342259188358005839
HAM	0.59955592977009142253 0.40044407022990863299
HAM	0.90636551574104817774 0.09363448425895172511
HAM	0.99893451732899274376 0.00106548267100733929
HAM	0.91488612656654211275 0.08511387343345794276
HAM	0.78390496791429076229 0.21609503208570929322
HAM	0.99988223762186345667 0.00011776237813663893
HAM	0.96297596763789028440 0.03702403236210973642
HAM	0.99872728255167197986 0.00127271744832809300
HAM	0.92302873817304931237 0.07697126182695064600
HAM	0.84830742012942594865 0.15169257987057405135
HAM	0.69081139945320679807 0.30918860054679320193
HAM	0.52483101389344555265 0.47516898610655439184
HAM	0.73708295007487811823 0.26291704992512188177
HAM	0.62413713402055670532 0.37586286597944335020
HAM	0.72295035035405907919 0.27704964964594097632
HAM	0.74387535923731373799 0.25612464076268626201
HAM	0.95522548028019960142 0.04477451971980044021
HAM	0.99436154980634239298 0.00563845019365759835
HAM	0.79939047779813743322 0.20060952220186256678
HAM	0.64617562183660726127 0.35382437816339273873
SPAM	0.00409984162864405512 0.99590015837135614785
HAM	0.94539976763430177975 0.05460023236569832433
SPAM	0.02587238921383025123 0.97412761078616960653
HAM	0.99245980499746588865 0.00754019500253407665
HAM	0.73604320667006328804 0.26395679332993682298
HAM	0.57631547686767614636 0.42368452313232390916
HAM	0.99894139100778278628 0.00105860899221730739
HAM	0.93637213989385925661 0.06362786010614079890
HAM	0.91296866451507174833 0.08703133548492822391
HAM	0.60787311926176468280 0.39212688073823531720
HAM	0.57372266726164611317 0.42627733273835399785
HAM	0.99999339824886956940 0.00000660175113030798
HAM	0.99999999996060773277 0.00000000003939236020
HAM	0.99482069819298646340 0.00517930180701355221
HAM	0.98884005628550653011 0.01115994371449358785
HAM	0.87438620818071510765 0.12561379181928492010
HAM	0.84289199670530279285 0.15710800329469720715
HAM	0.85258868484647187813 0.14741131515352806636
HAM	0.99617570065428417969 0.00382429934571576913
HAM	0.80629262873457119287 0.19370737126542886264
HAM	0.96113138117925500659 0.03886861882074503505
HAM	0.88100366666870055798 0.11899633333129944202
SPAM	0.21619009412908901657 0.78380990587091114996
HAM	0.77159774428785743439 0.22840225571214259337
HAM	0.91584303605994643593 0.08415696394005361958
HAM	0.80491137674944557290 0.19508862325055456588
HAM	0.90829385014385333186 0.09170614985614659875
HAM	0.83744408451770113722 0.16255591548229880727
HAM	0.97209071796297530366 0.02790928203702469287
HAM	0.97206660988665771761 0.02793339011334223035
HAM	0.93550143043806921472 0.06449856956193079915
HAM	0.96769429052516608980 0.03230570947483393102
HAM	0.94082269747183244757 0.05917730252816745529
HAM	0.96086367906228287161 0.03913632093771711451
HAM	0.74377111051658584273 0.25622888948341410176
HAM	0.98533612782307855582 0.01466387217692148755
HAM	0.84194548242042799302 0.15805451757957189596
HAM	0.80821317695496142086 0.19178682304503852363
HAM	0.83198980207425954347 0.16801019792574034550
HAM	0.99958258973978386663 0.00041741026021614540
HAM	0.78044213642422122224 0.21955786357577877776
HAM	0.62503002543355634657 0.37496997456644359792
HAM	0.84072500758670010157 0.15927499241329984292
HAM	0.99999985852048856039 0.00000014147951139273
HAM	0.99999999912713177785 0.00000000087286811117
HAM	0.70952956681077983259 0.29047043318922011190
HAM	0.99977992745999166857 0.00022007254000835593
HAM	0.99970570489552479376 0.00029429510447523372
HAM	0.57153593925616541505 0.42846406074383464047
HAM	0.57132572370736545153 0.42867427629263460398
HAM	0.82548515990081539062 0.17451484009918458162
HAM	0.93545865837510699947 0.06454134162489297277
HAM	0.85885854536748584831 0.14114145463251415169
HAM	0.65556415794602507230 0.34443584205397481668
HAM	0.99275960073113733717 0.00724039926886262467
HAM	0.73409120207639499966 0.26590879792360505585
HAM	0.98826163629075969297 0.01173836370924027928
HAM	0.99668303554603987493 0.00331696445396006132
HAM	0.82282775807911456845 0.17717224192088529278
HAM	0.85672696289136318626 0.14327303710863678599
HAM	0.97909612357001074567 0.02090387642998912249
HAM	0.79751686517465525394 0.20248313482534480157
HAM	0.72229963436588107140 0.27770036563411887309
HAM	0.65579673994067100296 0.34420326005932905256
HAM	0.98344897037407374984 0.01655102962592614260
HAM	0.57457492245329533365 0.42542507754670472186
HAM	0.54561987553964419462 0.45438012446035574987
HAM	0.55729884885530700522 0.44270115114469299478
HAM	0.99727660271597218244 0.00272339728402772431
HAM	0.74534659237511291519 0.25465340762488719584
HAM	0.98808686022497327350 0.01191313977502664496
HAM	0.85800469189134043191 0.14199530810865951258
HAM	0.96014084329619642233 0.03985915670380353604
HAM	0.95288325863743850164 0.04711674136256157469
HAM	0.84485233905633949636 0.15514766094366053140
HAM	0.82727185353592935790 0.17272814646407061434
HAM	0.77211863568748873021 0.22788136431251132530
HAM	0.99999960940467302883 0.00000039059532698335
HAM	0.82208108514886235607 0.17791891485113764393
HAM	0.75273002739520566973 0.24726997260479446905
HAM	0.92907983197665289232 0.07092016802334705217
HAM	0.57633767025979487642 0.42366232974020506807
HAM	0.68126405840012960180 0.31873594159987039820
HAM	0.97796890742945608022 0.02203109257054398223
HAM	0.78211505280355764214 0.21788494719644233011
HAM	0.72054635841179970335 0.27945364158820035216
HAM	0.97712915806313771494 0.02287084193686229894
HAM	0.79900271075169426727 0.20099728924830576049
HAM	0.57585172505335735504 0.42414827494664281149
HAM	0.99972338081533695942 0.00027661918466306601
HAM	0.99454230373685081901 0.00545769626314918793
HAM	0.67644473627465651067 0.32355526372534348933
HAM	0.72064801330529659751 0.27935198669470334698
HAM	0.99980767674184922722 0.00019232325815075755
HAM	0.80487271762060397240 0.19512728237939602760
HAM	0.74279950728250243586 0.25720049271749761965
HAM	0.99996568171589317320 0.00003431828410677499
HAM	0.85609592533359635258 0.14390407466640370293
HAM	0.85908539507432069016 0.14091460492567933760
HAM	0.69450925949881969768 0.30549074050118030232
HAM	0.87657858216725892397 0.12342141783274103439
HAM	0.68248342934458916531 0.31751657065541089020
HAM	0.99843876385016316899 0.00156123614983683600
HAM	0.99963677094706426818 0.00036322905293580219
HAM	0.98562080706098964544 0.01437919293901032854
HAM	0.91765201724203437905 0.08234798275796559319
HAM	0.82111456406733551727 0.17888543593266451048
HAM	0.83377525836961485783 0.16622474163038508665
HAM	0.99613544102137896452 0.00386455897862114824
HAM	0.80579879212725613602 0.19420120787274391949
HAM	0.58894703849441398802 0.41105296150558595647
HAM	0.94011058137900604947 0.05988941862099381869
HAM	0.89609783056701819426 0.10390216943298170860
HAM	0.95016649354521809379 0.04983350645478196173
HAM	0.73304746620383465228 0.26695253379616540323
HAM	0.99332151788069644738 0.00667848211930351793
HAM	0.93947792251767292537 0.06052207748232705381
HAM	0.50043050204684069726 0.49956949795315930274
HAM	0.99637725892237338776 0.00362274107762656106
HAM	0.99864454726831486386 0.00135545273168506458
HAM	0.70655005422292871398 0.29344994577707134153
HAM	0.93100474698282109642 0.06899525301717894521
HAM	0.99999999530014793692 0.00000000469985202502
HAM	0.92284624784387414564 0.07715375215612585436
HAM	0.53035917874111815351 0.46964082125888201302
HAM	0.96817040126202169592 0.03182959873797824163
HAM	0.76737221575030190035 0.23262778424969804414
HAM	0.99997579590940788297 0.00002420409059212596
HAM	0.67457609948897634400 0.32542390051102365600
HAM	0.83751634763791305005 0.16248365236208700546
HAM	0.73184743008434294254 0.26815256991565711298
HAM	0.74678278007131415617 0.25321721992868584383
HAM	0.57132572370736545153 0.42867427629263460398
HAM	0.99998307882946380065 0.00001692117053615507
HAM	1.00000000000000000000 0.00000000000000000000
HAM	0.69640191877285873012 0.30359808122714115886
SPAM	0.10185069624127640608 0.89814930375872337187
HAM	0.69247794420532371440 0.30752205579467634111
HAM	0.84387062389512423888 0.15612937610487576112
SPAM	0.28275791476639378086 0.71724208523360633016
HAM	0.99784329357395473714 0.00215670642604521168
HAM	0.74290541205825288973 0.25709458794174711027
HAM	0.96605302191340325368 0.03394697808659666999
HAM	0.76545793625287283923 0.23454206374712721628
HAM	0.88952965068004541394 0.11047034931995465545
HAM	0.58995241560769640099 0.41004758439230343248
HAM	0.99837770807015002728 0.00162229192985008895
HAM	0.89238840344034520147 0.10761159655965482629
HAM	0.90417786485889062309 0.09582213514110948793
HAM	0.74593148913951057288 0.25406851086048953814
HAM	0.65614162955963628576 0.34385837044036360322
HAM	0.60086583120543290981 0.39913416879456703468
HAM	0.80180252753057545956 0.19819747246942451269
HAM	0.70706785320849552257 0.29293214679150453295
HAM	0.72962712563001841382 0.27037287436998158618
HAM	0.95092192871614567018 0.04907807128385435758
SPAM	0.34089869648971204974 0.65910130351028795026
HAM	0.54121825984927307562 0.45878174015072686887
SPAM	0.40615913191885433253 0.59384086808114566747
SPAM	0.23827251082183281694 0.76172748917816734959
SPAM	0.42399836228555815021 0.57600163771444179428
SPAM	0.20923326871250780279 0.79076673128749230823
SPAM	0.00683794937264890334 0.99316205062735074538
SPAM	0.12561445943932300628 0.87438554056067696596
SPAM	0.07310006593101239791 0.92689993406898785189
SPAM	0.06685725677433880521 0.93314274322566137521
SPAM	0.32204703320947952738 0.67795296679052041711
SPAM	0.43986971252123846510 0.56013028747876159041
SPAM	0.36303877086822838871 0.63696122913177166680
SPAM	0.06882582055215133443 0.93117417944784885986
SPAM	0.32797706142623295200 0.67202293857376715902
SPAM	0.29696708555711925914 0.70303291444288074086
SPAM	0.15502724787734598055 0.84497275212265399169
SPAM	0.16947885642236901194 0.83052114357763107133
SPAM	0.22242228867594684982 0.77757771132405317793
HAM	0.60543883789652874761 0.39456116210347119688
SPAM	0.24001120119053251378 0.75998879880946745846
SPAM	0.05994527302105183419 0.94005472697894798539
SPAM	0.43779791279892288358 0.56220208720107711642
SPAM	0.17481419081367793877 0.82518580918632200571
SPAM	0.19023923585105992351 0.80976076414894015976
SPAM	0.19768086173747259626 0.80231913826252743149
SPAM	0.06549175228542625238 0.93450824771457352558
SPAM	0.29005109584545685220 0.70994890415454314780
SPAM	0.21245682153880385279 0.78754317846119625823
SPAM	0.00083031055013801480 0.99916968944986173096
SPAM	0.04875439174142837118 0.95124560825857173985
SPAM	0.13709824024939445963 0.86290175975060545710
SPAM	0.03045891704462387259 0.96954108295537611006
SPAM	0.15124252969876234021 0.84875747030123771530
SPAM	0.00029146787795040384 0.99970853212204890959
SPAM	0.07491651959137884953 0.92508348040862142803
SPAM	0.15752937701052960318 0.84247062298947028580
SPAM	0.45271455728339143887 0.54728544271660850562
SPAM	0.14325398011664597364 0.85674601988335397085
SPAM	0.32874079513079873527 0.67125920486920120922
SPAM	0.49744170467505971489 0.50255829532494034062
SPAM	0.26853121337467483754 0.73146878662532532900
SPAM	0.27519336894493956480 0.72480663105506037969
SPAM	0.04773841240806012132 0.95226158759194012848
SPAM	0.49489436330272190689 0.50510563669727803759
SPAM	0.45112844979188659877 0.54887155020811351225
SPAM	0.16424439246051125707 0.83575560753948874293
SPAM	0.08825671957216772723 0.91174328042783225889
SPAM	0.13095937021083667307 0.86904062978916318816
SPAM	0.47444125228262995497 0.52555874771736998952
SPAM	0.00979358180845512835 0.99020641819154453511
SPAM	0.48257998652069283851 0.51742001347930721700
SPAM	0.34787857590230497618 0.65212142409769513485
SPAM	0.30154187261046727642 0.69845812738953261256
SPAM	0.37232834837719969157 0.62767165162280025292
SPAM	0.12653148342193179521 0.87346851657806812153
SPAM	0.40646063686426209260 0.59353936313573796291
SPAM	0.12981375173040490822 0.87018624826959500851
SPAM	0.21249568665035961645 0.78750431334964032803
HAM	0.53631754676927800851 0.46368245323072193598
SPAM	0.03213626513011737934 0.96786373486988286352
SPAM	0.21591486943215965066 0.78408513056784034934
SPAM	0.29072352207995971751 0.70927647792004033800
SPAM	0.04306882890635261446 0.95693117109364722594
SPAM	0.00991728958677784260 0.99008271041322215567
SPAM	0.46686702981968342119 0.53313297018031646779
SPAM	0.38249550912243579504 0.61750449087756420496
SPAM	0.11919607000705770283 0.88080392999294221390
HAM	0.51463876560419397066 0.48536123439580602934
SPAM	0.00180803131686807007 0.99819196868313198046
SPAM	0.02336556599845025090 0.97663443400154992258
SPAM	0.46551437651284777175 0.53448562348715222825
SPAM	0.22984373668450358563 0.77015626331549658090
SPAM	0.13521292416757890731 0.86478707583242142576
SPAM	0.01362788848702153194 0.98637211151297865541
SPAM	0.41867443388609498767 0.58132556611390506784
SPAM	0.18603264990811127499 0.81396735009188869725
SPAM	0.00914557053403432761 0.99085442946596524738
SPAM	0.18646455924511778912 0.81353544075488226639
SPAM	0.47486229788050582368 0.52513770211949428734
SPAM	0.33267153060127385711 0.66732846939872614289
SPAM	0.00386749596400783047 0.99613250403599240546
SPAM	0.00725185217979707700 0.99274814782020270876
SPAM	0.34848851071904368704 0.65151148928095625745
SPAM	0.15057047760294117733 0.84942952239705893369
SPAM	0.38959444821071176346 0.61040555178928823654
SPAM	0.13997666210284623323 0.86002333789715379453
SPAM	0.45121393494568795557 0.54878606505431204443
SPAM	0.48717746638549680460 0.51282253361450313989
SPAM	0.11973445421812362044 0.88026554578187632405
SPAM	0.32148285824440625547 0.67851714175559374453
SPAM	0.46030946154914653690 0.53969053845085335208
HAM	0.57244082200321566578 0.42755917799678444524
HAM	0.51317096742533729881 0.48682903257466259017
SPAM	0.11685574479170704465 0.88314425520829276106
SPAM	0.00203695449092265203 0.99796304550907688480
HAM	0.62208257045507475702 0.37791742954492524298
SPAM	0.12890014431680887896 0.87109985568319114879
SPAM	0.43326950654987572698 0.56673049345012427302
SPAM	0.33312344533133253499 0.66687655466866735399
SPAM	0.41555484324510472138 0.58444515675489516759
SPAM	0.38708016131337241728 0.61291983868662747170
SPAM	0.17788786680025214793 0.82211213319974785207
SPAM	0.17352492170673267102 0.82647507829326727347
SPAM	0.17020939312647215269 0.82979060687352779180
SPAM	0.42977397873243378124 0.57022602126756605223
SPAM	0.48042728695378950077 0.51957271304621044372
SPAM	0.39247677619654025571 0.60752322380345991082
SPAM	0.03511618523032823680 0.96488381476967166606
HAM	0.56255843121433823928 0.43744156878566170521
HAM	0.53590338078459276439 0.46409661921540729113
SPAM	0.07703530292452254180 0.92296469707547745820
SPAM	0.13903271644319611933 0.86096728355680374190
SPAM	0.14497136189135326201 0.85502863810864659921
SPAM	0.10753241719126385711 0.89246758280873594860
HAM	0.57866820872965296640 0.42133179127034708911
SPAM	0.05360040003996610625 0.94639959996003408804
HAM	0.55353764284747208890 0.44646235715252774456
SPAM	0.31890410790369799754 0.68109589209630194695
SPAM	0.48337860362358531230 0.51662139637641479872
SPAM	0.46499064968734848957 0.53500935031265162145
HAM	0.50525559196674252327 0.49474440803325753224
SPAM	0.33119616519325123516 0.66880383480674876484
HAM	0.55479648353313426590 0.44520351646686578961
SPAM	0.19563391303652050146 0.80436608696347944303
SPAM	0.05965459841152946641 0.94034540158847046420
SPAM	0.24201394442206247692 0.75798605557793763410
SPAM	0.18868907998538908544 0.81131092001461102559
SPAM	0.11823294348421779787 0.88176705651578191070
SPAM	0.13508028186140874638 0.86491971813859125362
SPAM	0.19271807694781031839 0.80728192305218959834
SPAM	0.00245880145454569756 0.99754119854545442170
SPAM	0.20268772643486621110 0.79731227356513401094
HAM	0.54075097812252526097 0.45924902187747479454
SPAM	0.40451900040336730147 0.59548099959663269853
SPAM	0.27988632706899846392 0.72011367293100148057
SPAM	0.38422079524758329105 0.61577920475241676446
SPAM	0.01096961454971011156 0.98903038545028965078
SPAM	0.25071374063420681644 0.74928625936579318356
SPAM	0.00587803170459907844 0.99412196829540111498
SPAM	0.20786735770600495155 0.79213264229399493743
SPAM	0.11943757616095541929 0.88056242383904459459
SPAM	0.30757437158135786381 0.69242562841864208067
SPAM	0.49661042273288691362 0.50338957726711319740
SPAM	0.06099952745717943797 0.93900047254282059672
SPAM	0.00234784542832688339 0.99765215457167288893
SPAM	0.06448788630658332244 0.93551211369341680246
HAM	0.57765371124651709867 0.42234628875348290133
SPAM	0.12882274823319764256 0.87117725176680227417
SPAM	0.05713007920649212229 0.94286992079350784302
SPAM	0.24047827799825624573 0.75952172200174372652
HAM	0.56216135319590110342 0.43783864680409895209
SPAM	0.35902901536161990759 0.64097098463838009241
SPAM	0.25671604888220778129 0.74328395111779221871
SPAM	0.32716381564072616328 0.67283618435927383672
SPAM	0.17843619279165820468 0.82156380720834187859
SPAM	0.13797850360046060025 0.86202149639953951077
HAM	0.58341099569694854221 0.41658900430305151330
SPAM	0.29211702981087128705 0.70788297018912882397
HAM	0.66276618679012067048 0.33723381320987927401
SPAM	0.10803466020348440058 0.89196533979651537738
HAM	0.54702484421965646977 0.45297515578034341921
HAM	0.52145064147917230546 0.47854935852082763903
SPAM	0.03239693986789019681 0.96760306013210972687
HAM	0.57832623269227545482 0.42167376730772454518
SPAM	0.49669699451260779233 0.50330300548739226318
SPAM	0.31899387805988849154 0.68100612194011145295
SPAM	0.40664824845820507493 0.59335175154179498058
SPAM	0.12776276433671693300 0.87223723566328326129
SPAM	0.06567467793513669105 0.93432532206486340609
SPAM	0.02148211713491714539 0.97851788286508301073
SPAM	0.14224291516075440733 0.85775708483924562042
SPAM	0.42417758001709887639 0.57582241998290129015
SPAM	0.30985420453046247369 0.69014579546953769285
SPAM	0.11466419241816105945 0.88533580758183871851
HAM	0.51348177164850428156 0.48651822835149566293
SPAM	0.17625950751617755485 0.82374049248382252841
SPAM	0.37178180892655549039 0.62821819107344456512
HAM	0.54810773604020102123 0.45189226395979897877
SPAM	0.00052723655352422964 0.99947276344647562052
SPAM	0.23748387836997680855 0.76251612163002313594
SPAM	0.22065311212552093934 0.77934688787447903291
SPAM	0.01112788238724972401 0.98887211761275017885
SPAM	0.07824761428347372372 0.92175238571652651220
SPAM	0.24927576031435091930 0.75072423968564905294
SPAM	0.26507547338043840890 0.73492452661956153559
HAM	0.51771949047627785490 0.48228050952372214510
SPAM	0.33138102105351013860 0.66861897894648991691
SPAM	0.06672714858618890299 0.93327285141381099987
SPAM	0.43239818379002831206 0.56760181620997163243
SPAM	0.24974985540094801761 0.75025014459905214892
SPAM	0.00000068213604160075 0.99999931786395812594
HAM	0.55669128392595812471 0.44330871607404187529
SPAM	0.07560024481436375399 0.92439975518563621826
SPAM	0.38517314505474120612 0.61482685494525868286
SPAM	0.47927534534237126174 0.52072465465762873826
SPAM	0.02549792561702918930 0.97450207438297065110
SPAM	0.42557606636399003541 0.57442393363600996459
SPAM	0.22725416555295396837 0.77274583444704603163
SPAM	0.04091975581347086915 0.95908024418652915166
SPAM	0.18152505605978802583 0.81847494394021214070
SPAM	0.12567892051320136981 0.87432107948679860243
SPAM	0.44894867674110000566 0.55105132325890004985
SPAM	0.05449466035861207092 0.94550533964138783194
SPAM	0.11100775802302198514 0.88899224197697823691
SPAM	0.06405649914981133286 0.93594350085018840346
SPAM	0.14681490364092764089 0.85318509635907235911
SPAM	0.19775938747743210255 0.80224061252256784194
SPAM	0.49594237972834592787 0.50405762027165401662
SPAM	0.11386695241061152439 0.88613304758938826744
SPAM	0.38694609218959302721 0.61305390781040691728
HAM	0.55728047491601673258 0.44271952508398315640
SPAM	0.33121424324328624378 0.66878575675671370071
SPAM	0.17446196058019600161 0.82553803941980385961
SPAM	0.00105056055354886655 0.99894943944645131495
SPAM	0.44785998253786069023 0.55214001746213925426
HAM	0.70814946007573598141 0.29185053992426401859
SPAM	0.49255570339789150891 0.50744429660210843558
SPAM	0.11271535641138083483 0.88728464358861891537
SPAM	0.09929004630355926786 0.90070995369644057948
SPAM	0.42033974932589562856 0.57966025067410420490
SPAM	0.06087040753570389928 0.93912959246429605908
SPAM	0.30202536837042409656 0.69797463162957606997
SPAM	0.45799952634452789635 0.54200047365547199263
SPAM	0.40159304572501747232 0.59840695427498258319
SPAM	0.23312880402243182920 0.76687119597756836509
SPAM	0.28079283848553882041 0.71920716151446106856
HAM	0.57037409011135031811 0.42962590988864962638
SPAM	0.20021191887689429589 0.79978808112310573186
SPAM	0.47771727610318043267 0.52228272389681962284
SPAM	0.03473849003981673011 0.96526150996018333927
SPAM	0.12216411169926300051 0.87783588830073699949
SPAM	0.23626801840635042185 0.76373198159364952264
SPAM	0.28091249564452541732 0.71908750435547452717
SPAM	0.35170589467712343179 0.64829410532287667923
SPAM	0.46005069467300552244 0.53994930532699436654
SPAM	0.29946919400048832571 0.70053080599951167429
HAM	0.51361115364935061578 0.48638884635064949524
SPAM	0.33466173909748170301 0.66533826090251846352
SPAM	0.38085716357750598604 0.61914283642249390294
SPAM	0.47405091849666464165 0.52594908150333541386
SPAM	0.34215017327344848796 0.65784982672655156755
SPAM	0.45585852501795531833 0.54414147498204457065
SPAM	0.17431978825589922177 0.82568021174410066720
SPAM	0.05714904665743106293 0.94285095334256918687
SPAM	0.05917796440446305983 0.94082203559553700956
SPAM	0.43268525994740664187 0.56731474005259341364
HAM	0.57189524430322591364 0.42810475569677408636
SPAM	0.16417138601449482449 0.83582861398550523102
SPAM	0.40808418509671595675 0.59191581490328415427
SPAM	0.24155609813753420312 0.75844390186246579688
SPAM	0.35117433159607891469 0.64882566840392097429
HAM	0.55149098015875108736 0.44850901984124880162
SPAM	0.27156118359088865510 0.72843881640911145592
SPAM	0.13094691192322177598 0.86905308807677839056
HAM	0.50883313269260743716 0.49116686730739256284
SPAM	0.24679847912046903868 0.75320152087953096132
SPAM	0.00010365462557556502 0.99989634537442451112
SPAM	0.41588853619237131642 0.58411146380762868358
SPAM	0.16568423121659003883 0.83431576878340996117
SPAM	0.46877438081953931581 0.53122561918046062868
SPAM	0.00134710431041280853 0.99865289568958681699
SPAM	0.00049799379994304666 0.99950200620005724694
SPAM	0.42293264364593724514 0.57706735635406281038
SPAM	0.48142387354329446714 0.51857612645670547735
SPAM	0.15318760600414904616 0.84681239399585106487
SPAM	0.31296534422860189384 0.68703465577139810616
SPAM	0.40451837845480087541 0.59548162154519923561
SPAM	0.31332340262424196453 0.68667659737575803547
SPAM	0.01079204730977281063 0.98920795269022676610
SPAM	0.01144290636905142405 0.98855709363094901310
HAM	0.55086756121395286101 0.44913243878604708348
SPAM	0.41727768783298674338 0.58272231216701342316
SPAM	0.18541828019518827309 0.81458171980481164365
SPAM	0.23368740222131867412 0.76631259777868121486
SPAM	0.07945163693205745115 0.92054836306794263212
SPAM	0.49165981953622445166 0.50834018046377560385
SPAM	0.27867280647549186323 0.72132719352450813677
SPAM	0.00074328901789158974 0.99925671098210799848
SPAM	0.00401588455227496269 0.99598411544772513793
SPAM	0.21138278484275430102 0.78861721515724569898
SPAM	0.40613562133311614799 0.59386437866688379650
SPAM	0.25362238679619242276 0.74637761320380746621
SPAM	0.22280380278252476245 0.77719619721747512653
HAM	0.54975719975779946402 0.45024280024220053598
SPAM	0.16568423121659003883 0.83431576878340996117
SPAM	0.27334406218477247386 0.72665593781522741512
SPAM	0.16008157466733052843 0.83991842533266947157
HAM	0.50748505773616581216 0.49251494226383424335
SPAM	0.45304561408731414129 0.54695438591268585871
HAM	0.52632470160931643655 0.47367529839068361897
SPAM	0.19610989669446640682 0.80389010330553356543
SPAM	0.39148132462366325157 0.60851867537633674843
SPAM	0.00355449096477455191 0.99644550903522532970
SPAM	0.23085088531107569865 0.76914911468892421809
SPAM	0.34802712172563832205 0.65197287827436167795
SPAM	0.28351937869043114526 0.71648062130956891025
SPAM	0.07676836565173142390 0.92323163434826871487
SPAM	0.40063634561639510645 0.59936365438360506008
SPAM	0.03535217662709828207 0.96464782337290178038
SPAM	0.02214564069033781238 0.97785435930966224660
SPAM	0.45026531544897641091 0.54973468455102358909
HAM	0.61995173396414182676 0.38004826603585806222
SPAM	0.01079130400389587477 0.98920869599610361522
SPAM	0.38621248084143638968 0.61378751915856366583
SPAM	0.33799435814869777106 0.66200564185130228445
HAM	0.57244082200321566578 0.42755917799678444524
SPAM	0.02199194830760947683 0.97800805169239046766
HAM	0.54920830994625591259 0.45079169005374403190
SPAM	0.22599237981477435233 0.77400762018522561991
SPAM	0.24966234978038767678 0.75033765021961229547
SPAM	0.21156428020945192148 0.78843571979054816179
SPAM	0.46705804385846705351 0.53294195614153294649
SPAM	0.29878581410088350667 0.70121418589911654884
HAM	0.57310082424467956308 0.42689917575532032590
HAM	0.58454350398403531752 0.41545649601596473799
SPAM	0.00028687139129027716 0.99971312860870953365
SPAM	0.39122469195906856010 0.60877530804093160643
SPAM	0.01345451704733130645 0.98654548295266863978
SPAM	0.19586060716841102725 0.80413939283158908378
SPAM	0.37854312422926478243 0.62145687577073516206
HAM	0.63312979017278991911 0.36687020982721008089
SPAM	0.08644415694970136732 0.91355584305029857717
SPAM	0.07364319534155536195 0.92635680465844483233
SPAM	0.42423712332576007933 0.57576287667423986516
SPAM	0.00628761971755474429 0.99371238028244501805
SPAM	0.47239429164643326198 0.52760570835356668251
SPAM	0.35598926189276958176 0.64401073810723019619
SPAM	0.33833311613716238186 0.66166688386283767365
SPAM	0.45670734940109419808 0.54329265059890585743
SPAM	0.47570184803287168807 0.52429815196712836745
HAM	0.55985832221605613679 0.44014167778394386321
HAM	0.56061263498349001022 0.43938736501650982325
SPAM	0.36412689479470100595 0.63587310520529916058
SPAM	0.40555045937942479917 0.59444954062057520083
SPAM	0.11168224798945274034 0.88831775201054741231
SPAM	0.17038340913458083214 0.82961659086541916786
SPAM	0.30092571487328162450 0.69907428512671831999
SPAM	0.41735049782335237323 0.58264950217664768228
SPAM	0.46300414237940074047 0.53699585762059931504
SPAM	0.19840919518840524627 0.80159080481159472598
SPAM	0.05779093047149401474 0.94220906952850613791
SPAM	0.35162854552494643423 0.64837145447505373230
SPAM	0.23680625510899167008 0.76319374489100821890
SPAM	0.11782343463755652613 0.88217656536244359877
SPAM	0.09321221507740755363 0.90678778492259259902
SPAM	0.00585548055736997801 0.99414451944262993699
SPAM	0.25060791238241203471 0.74939208761758802080
SPAM	0.17045798454308810910 0.82954201545691186315
SPAM	0.00776260376883788385 0.99223739623116169462
SPAM	0.33923960319595525270 0.66076039680404496934
SPAM	0.00002116534292606426 0.99997883465707393391
SPAM	0.00380943450283516413 0.99619056549716455962
SPAM	0.48267367922160092641 0.51732632077839912910
SPAM	0.37300378788149368692 0.62699621211850631308
SPAM	0.00000127407149456438 0.99999872592850624908
SPAM	0.33404251065324452874 0.66595748934675558228
SPAM	0.35880779685130531620 0.64119220314869451727
HAM	0.56712558470131924082 0.43287441529868081469
HAM	0.51073407678877369431 0.48926592321122619467
SPAM	0.48391079113659163369 0.51608920886340836631
SPAM	0.14606415612381740132 0.85393584387618248766
HAM	0.61910434256972923794 0.38089565743027081757
